Arguments: 
  /usr/local/bin/node /usr/local/Cellar/yarn/1.5.1_1/libexec/bin/yarn.js add --dev jest

PATH: 
  /usr/local/bin:/usr/bin:/bin:/usr/sbin:/sbin

Yarn version: 
  1.5.1

Node version: 
  8.9.4

Platform: 
  darwin x64

npm manifest: 
  {
    "name": "react-boilerplate",
    "version": "1.0.0",
    "description": "This is my react-boilerplate",
    "main": "index.js",
    "scripts": {
      "build": "npm run build-server && npm run build-client",
      "build-server": "babel src/server --out-dir ./dist",
      "build-client": "babel src/client --copy-files --out-dir ./dist/public",
      "start": "node ./dist/index.js",
      "test": "jest ./src"
    },
    "repository": {
      "type": "git",
      "url": "git+https://github.com/colin-is/react-boilerplate.git"
    },
    "author": "",
    "license": "ISC",
    "bugs": {
      "url": "https://github.com/colin-is/react-boilerplate/issues"
    },
    "homepage": "https://github.com/colin-is/react-boilerplate#readme",
    "dependencies": {
      "express": "^4.16.3"
    },
    "devDependencies": {
      "babel-cli": "^6.26.0",
      "babel-preset-env": "^1.6.1"
    }
  }

yarn manifest: 
  No manifest

Lockfile: 
  No lockfile

Trace: 
  Error: Couldn't find package "@babel/code-frame@^7.0.0-beta.35" required by "jest-message-util@^22.4.3" on the "npm" registry.
      at new MessageError (/usr/local/Cellar/yarn/1.5.1_1/libexec/lib/cli.js:186:110)
      at PackageRequest.<anonymous> (/usr/local/Cellar/yarn/1.5.1_1/libexec/lib/cli.js:36274:17)
      at Generator.throw (<anonymous>)
      at step (/usr/local/Cellar/yarn/1.5.1_1/libexec/lib/cli.js:98:30)
      at /usr/local/Cellar/yarn/1.5.1_1/libexec/lib/cli.js:111:13
      at <anonymous>
      at process._tickCallback (internal/process/next_tick.js:188:7)
